#
# There is insufficient memory for the Java Runtime Environment to continue.
# Native memory allocation (mmap) failed to map 65536 bytes. Error detail: Failed to commit metaspace.
# Possible reasons:
#   The system is out of physical RAM or swap space
#   This process is running with CompressedOops enabled, and the Java Heap may be blocking the growth of the native heap
# Possible solutions:
#   Reduce memory load on the system
#   Increase physical memory or swap space
#   Check if swap backing store is full
#   Decrease Java heap size (-Xmx/-Xms)
#   Decrease number of Java threads
#   Decrease Java thread stack sizes (-Xss)
#   Set larger code cache with -XX:ReservedCodeCacheSize=
#   JVM is running with Zero Based Compressed Oops mode in which the Java heap is
#     placed in the first 32GB address space. The Java Heap base address is the
#     maximum limit for the native heap growth. Please use -XX:HeapBaseMinAddress
#     to set the Java Heap base and to place the Java Heap above 32GB virtual address.
# This output file may be truncated or incomplete.
#
#  Out of Memory Error (virtualSpaceNode.cpp:110), pid=24004, tid=8596
#
# JRE version: OpenJDK Runtime Environment Corretto-17.0.12.7.1 (17.0.12+7) (build 17.0.12+7-LTS)
# Java VM: OpenJDK 64-Bit Server VM Corretto-17.0.12.7.1 (17.0.12+7-LTS, mixed mode, emulated-client, sharing, tiered, compressed oops, compressed class ptrs, g1 gc, windows-amd64)
# No core dump will be written. Minidumps are not enabled by default on client versions of Windows
#

---------------  S U M M A R Y ------------

Command Line: -agentlib:jdwp=transport=dt_socket,address=127.0.0.1:57186,suspend=y,server=n -XX:TieredStopAtLevel=1 -Dspring.output.ansi.enabled=always -Dcom.sun.management.jmxremote -Dspring.jmx.enabled=true -Dspring.liveBeansView.mbeanDomain -Dspring.application.admin.enabled=true -Dmanagement.endpoints.jmx.exposure.include=* -javaagent:C:\Users\19596\AppData\Local\JetBrains\IntelliJIdea2023.1\captureAgent\debugger-agent.jar=file:/C:/Users/19596/AppData/Local/Temp/capture.props -Dfile.encoding=UTF-8 com.jeiko.shortlink_demo.admin.ShortLinkAdminApplication

Host: 12th Gen Intel(R) Core(TM) i7-12700F, 20 cores, 15G,  Windows 11 , 64 bit Build 22621 (10.0.22621.3958)
Time: Fri Sep  6 15:33:39 2024  Windows 11 , 64 bit Build 22621 (10.0.22621.3958) elapsed time: 3.323284 seconds (0d 0h 0m 3s)

---------------  T H R E A D  ---------------

Current thread (0x000002703c205e50):  VMThread "VM Thread" [stack: 0x000000b68fa00000,0x000000b68fb00000] [id=8596]

Stack: [0x000000b68fa00000,0x000000b68fb00000]
Native frames: (J=compiled Java code, j=interpreted, Vv=VM code, C=native code)
V  [jvm.dll+0x67f4f9]
V  [jvm.dll+0x836eaa]
V  [jvm.dll+0x83896e]
V  [jvm.dll+0x838fd3]
V  [jvm.dll+0x247f6f]
V  [jvm.dll+0x832b5d]
V  [jvm.dll+0x623a6e]
V  [jvm.dll+0x1c1d2b]
V  [jvm.dll+0x6263bd]
V  [jvm.dll+0x1fb95a]
V  [jvm.dll+0x32fd2f]
V  [jvm.dll+0x83d4cd]
V  [jvm.dll+0x83e212]
V  [jvm.dll+0x83e73f]
V  [jvm.dll+0x83eb24]
V  [jvm.dll+0x83ebf0]
V  [jvm.dll+0x7e62ac]
V  [jvm.dll+0x67e3c7]
C  [ucrtbase.dll+0x29333]
C  [KERNEL32.DLL+0x1257d]
C  [ntdll.dll+0x5af28]

VM_Operation (0x000000b6965f4da0): CollectForMetadataAllocation, mode: safepoint, requested by thread 0x0000027009a33b80


---------------  P R O C E S S  ---------------

Threads class SMR info:
_java_thread_list=0x000002700999b650, length=89, elements={
0x000002703c20a970, 0x000002703c20b700, 0x000002703c2289d0, 0x000002703c229760,
0x000002703c22b3a0, 0x000002703c22ec90, 0x000002703c22f610, 0x000002703c237f30,
0x000002703d1d0130, 0x000002703d1d0a50, 0x000002703d37fb10, 0x000002703d3800e0,
0x000002703d3ca4f0, 0x000002703d3ceb20, 0x000002703d3e44c0, 0x000002703d415a40,
0x000002707f1c0290, 0x000002707f891e70, 0x000002707f826490, 0x000002707f810720,
0x000002707f88d790, 0x000002707feb6ff0, 0x000002707fe3d040, 0x0000027004aed040,
0x0000027004a82c20, 0x000002703d386bc0, 0x0000027004c59030, 0x0000027004c59510,
0x0000027005042ec0, 0x0000027005041570, 0x0000027005041a80, 0x00000270050433d0,
0x00000270050438e0, 0x00000270050424a0, 0x00000270050429b0, 0x0000027005043df0,
0x0000027005044300, 0x0000027005044810, 0x0000027005041f90, 0x0000027005041060,
0x00000270050e3950, 0x00000270050e4370, 0x00000270050e52a0, 0x00000270050e57b0,
0x00000270050e5cc0, 0x00000270050ea8b0, 0x00000270050e61d0, 0x00000270050e66e0,
0x00000270050e9e90, 0x00000270050e6bf0, 0x00000270050e7100, 0x00000270050ea3a0,
0x00000270050e7610, 0x00000270050e4880, 0x00000270050e3e60, 0x00000270050e7b20,
0x00000270050eadc0, 0x00000270050e8030, 0x00000270050eb2d0, 0x00000270050e4d90,
0x00000270050e8540, 0x00000270050e8a50, 0x00000270050e8f60, 0x00000270050e9470,
0x00000270050e9980, 0x0000027009a33160, 0x0000027009a2ea80, 0x0000027009a345a0,
0x0000027009a303d0, 0x0000027009a34fc0, 0x0000027009a354d0, 0x0000027009a32740,
0x0000027009a33670, 0x0000027009a32c50, 0x0000027009a2e060, 0x0000027009a2f9b0,
0x0000027009a2e570, 0x0000027009a2fec0, 0x0000027009a359e0, 0x0000027009a2ef90,
0x0000027009a32230, 0x0000027009a34ab0, 0x0000027009a31300, 0x0000027009a2f4a0,
0x0000027009a34090, 0x0000027009a308e0, 0x0000027009a33b80, 0x0000027009a30df0,
0x0000027009a31d20
}

Java Threads: ( => current thread )
  0x000002703c20a970 JavaThread "Reference Handler" daemon [_thread_blocked, id=18340, stack(0x000000b68fb00000,0x000000b68fc00000)]
  0x000002703c20b700 JavaThread "Finalizer" daemon [_thread_blocked, id=9992, stack(0x000000b68fc00000,0x000000b68fd00000)]
  0x000002703c2289d0 JavaThread "Signal Dispatcher" daemon [_thread_blocked, id=13712, stack(0x000000b68fd00000,0x000000b68fe00000)]
  0x000002703c229760 JavaThread "Attach Listener" daemon [_thread_blocked, id=22944, stack(0x000000b68fe00000,0x000000b68ff00000)]
  0x000002703c22b3a0 JavaThread "Service Thread" daemon [_thread_blocked, id=7072, stack(0x000000b68ff00000,0x000000b690000000)]
  0x000002703c22ec90 JavaThread "Monitor Deflation Thread" daemon [_thread_blocked, id=32460, stack(0x000000b690000000,0x000000b690100000)]
  0x000002703c22f610 JavaThread "C1 CompilerThread0" daemon [_thread_blocked, id=6016, stack(0x000000b690100000,0x000000b690200000)]
  0x000002703c237f30 JavaThread "Sweeper thread" daemon [_thread_blocked, id=4120, stack(0x000000b690200000,0x000000b690300000)]
  0x000002703d1d0130 JavaThread "C1 CompilerThread1" daemon [_thread_blocked, id=14732, stack(0x000000b690300000,0x000000b690400000)]
  0x000002703d1d0a50 JavaThread "Common-Cleaner" daemon [_thread_blocked, id=29380, stack(0x000000b690400000,0x000000b690500000)]
  0x000002703d37fb10 JavaThread "C1 CompilerThread2" daemon [_thread_blocked, id=17060, stack(0x000000b690500000,0x000000b690600000)]
  0x000002703d3800e0 JavaThread "C1 CompilerThread3" daemon [_thread_blocked, id=26220, stack(0x000000b690600000,0x000000b690700000)]
  0x000002703d3ca4f0 JavaThread "JDWP Transport Listener: dt_socket" daemon [_thread_blocked, id=14080, stack(0x000000b690700000,0x000000b690800000)]
  0x000002703d3ceb20 JavaThread "JDWP Event Helper Thread" daemon [_thread_blocked, id=1500, stack(0x000000b690800000,0x000000b690900000)]
  0x000002703d3e44c0 JavaThread "JDWP Command Reader" daemon [_thread_in_native, id=33812, stack(0x000000b690900000,0x000000b690a00000)]
  0x000002703d415a40 JavaThread "Notification Thread" daemon [_thread_blocked, id=35316, stack(0x000000b690a00000,0x000000b690b00000)]
  0x000002707f1c0290 JavaThread "RMI TCP Accept-0" daemon [_thread_in_native, id=5088, stack(0x000000b691300000,0x000000b691400000)]
  0x000002707f891e70 JavaThread "C1 CompilerThread4" daemon [_thread_blocked, id=12640, stack(0x000000b691b00000,0x000000b691c00000)]
  0x000002707f826490 JavaThread "C1 CompilerThread5" daemon [_thread_blocked, id=26736, stack(0x000000b691c00000,0x000000b691d00000)]
  0x000002707f810720 JavaThread "C1 CompilerThread6" daemon [_thread_blocked, id=21204, stack(0x000000b691d00000,0x000000b691e00000)]
  0x000002707f88d790 JavaThread "C1 CompilerThread7" daemon [_thread_blocked, id=12516, stack(0x000000b691e00000,0x000000b691f00000)]
  0x000002707feb6ff0 JavaThread "RMI TCP Connection(1)-10.206.190.127" daemon [_thread_in_native, id=21896, stack(0x000000b692200000,0x000000b692300000)]
  0x000002707fe3d040 JavaThread "RMI Scheduler(0)" daemon [_thread_blocked, id=20516, stack(0x000000b692300000,0x000000b692400000)]
  0x0000027004aed040 JavaThread "Catalina-utility-1" [_thread_blocked, id=9548, stack(0x000000b692400000,0x000000b692500000)]
  0x0000027004a82c20 JavaThread "Catalina-utility-2" [_thread_blocked, id=22216, stack(0x000000b692500000,0x000000b692600000)]
  0x000002703d386bc0 JavaThread "container-0" [_thread_blocked, id=23980, stack(0x000000b692600000,0x000000b692700000)]
  0x0000027004c59030 JavaThread "Thread-1" daemon [_thread_in_native, id=25512, stack(0x000000b692700000,0x000000b692800000)]
  0x0000027004c59510 JavaThread "redisson-netty-2-1" [_thread_in_native, id=8120, stack(0x000000b692800000,0x000000b692900000)]
  0x0000027005042ec0 JavaThread "redisson-netty-2-2" [_thread_in_native, id=7612, stack(0x000000b692900000,0x000000b692a00000)]
  0x0000027005041570 JavaThread "redisson-netty-2-3" [_thread_in_native, id=14316, stack(0x000000b692a00000,0x000000b692b00000)]
  0x0000027005041a80 JavaThread "redisson-timer-4-1" [_thread_blocked, id=16296, stack(0x000000b692c00000,0x000000b692d00000)]
  0x00000270050433d0 JavaThread "redisson-netty-2-4" [_thread_in_native, id=26636, stack(0x000000b692d00000,0x000000b692e00000)]
  0x00000270050438e0 JavaThread "redisson-netty-2-5" [_thread_in_native, id=8296, stack(0x000000b692e00000,0x000000b692f00000)]
  0x00000270050424a0 JavaThread "redisson-netty-2-6" [_thread_in_native, id=20684, stack(0x000000b692f00000,0x000000b693000000)]
  0x00000270050429b0 JavaThread "redisson-netty-2-7" [_thread_in_native, id=25732, stack(0x000000b693000000,0x000000b693100000)]
  0x0000027005043df0 JavaThread "redisson-netty-2-8" [_thread_in_native, id=28380, stack(0x000000b693100000,0x000000b693200000)]
  0x0000027005044300 JavaThread "redisson-netty-2-9" [_thread_in_native, id=33032, stack(0x000000b693200000,0x000000b693300000)]
  0x0000027005044810 JavaThread "redisson-netty-2-10" [_thread_in_native, id=22644, stack(0x000000b693300000,0x000000b693400000)]
  0x0000027005041f90 JavaThread "redisson-netty-2-11" [_thread_in_native, id=23164, stack(0x000000b693400000,0x000000b693500000)]
  0x0000027005041060 JavaThread "redisson-netty-2-12" [_thread_in_native, id=26748, stack(0x000000b693500000,0x000000b693600000)]
  0x00000270050e3950 JavaThread "redisson-netty-2-13" [_thread_in_native, id=27884, stack(0x000000b693600000,0x000000b693700000)]
  0x00000270050e4370 JavaThread "redisson-netty-2-14" [_thread_in_native, id=7556, stack(0x000000b693700000,0x000000b693800000)]
  0x00000270050e52a0 JavaThread "redisson-netty-2-15" [_thread_in_native, id=29016, stack(0x000000b693800000,0x000000b693900000)]
  0x00000270050e57b0 JavaThread "redisson-netty-2-16" [_thread_in_native, id=35252, stack(0x000000b693900000,0x000000b693a00000)]
  0x00000270050e5cc0 JavaThread "redisson-netty-2-17" [_thread_in_native, id=35728, stack(0x000000b693a00000,0x000000b693b00000)]
  0x00000270050ea8b0 JavaThread "redisson-netty-2-18" [_thread_in_native, id=7788, stack(0x000000b693b00000,0x000000b693c00000)]
  0x00000270050e61d0 JavaThread "redisson-netty-2-19" [_thread_in_native, id=34852, stack(0x000000b693c00000,0x000000b693d00000)]
  0x00000270050e66e0 JavaThread "redisson-netty-2-20" [_thread_in_native, id=33948, stack(0x000000b693d00000,0x000000b693e00000)]
  0x00000270050e9e90 JavaThread "redisson-netty-2-21" [_thread_in_native, id=29196, stack(0x000000b693e00000,0x000000b693f00000)]
  0x00000270050e6bf0 JavaThread "redisson-netty-2-22" [_thread_in_native, id=5976, stack(0x000000b693f00000,0x000000b694000000)]
  0x00000270050e7100 JavaThread "redisson-netty-2-23" [_thread_in_native, id=2996, stack(0x000000b694000000,0x000000b694100000)]
  0x00000270050ea3a0 JavaThread "redisson-netty-2-24" [_thread_in_native, id=21152, stack(0x000000b694100000,0x000000b694200000)]
  0x00000270050e7610 JavaThread "redisson-netty-2-25" [_thread_in_native, id=23776, stack(0x000000b694200000,0x000000b694300000)]
  0x00000270050e4880 JavaThread "redisson-netty-2-26" [_thread_in_native, id=6704, stack(0x000000b694300000,0x000000b694400000)]
  0x00000270050e3e60 JavaThread "redisson-netty-2-27" [_thread_in_native, id=28992, stack(0x000000b694400000,0x000000b694500000)]
  0x00000270050e7b20 JavaThread "redisson-netty-2-28" [_thread_in_native, id=32420, stack(0x000000b694500000,0x000000b694600000)]
  0x00000270050eadc0 JavaThread "redisson-netty-2-29" [_thread_in_native, id=17464, stack(0x000000b694600000,0x000000b694700000)]
  0x00000270050e8030 JavaThread "redisson-netty-2-30" [_thread_in_native, id=34336, stack(0x000000b694700000,0x000000b694800000)]
  0x00000270050eb2d0 JavaThread "redisson-netty-2-31" [_thread_in_native, id=23116, stack(0x000000b694800000,0x000000b694900000)]
  0x00000270050e4d90 JavaThread "redisson-netty-2-32" [_thread_in_native, id=35848, stack(0x000000b694900000,0x000000b694a00000)]
  0x00000270050e8540 JavaThread "lettuce-timer-6-1" daemon [_thread_blocked, id=15452, stack(0x000000b694c00000,0x000000b694d00000)]
  0x00000270050e8a50 JavaThread "quartzScheduler_Worker-1" [_thread_blocked, id=29880, stack(0x000000b694d00000,0x000000b694e00000)]
  0x00000270050e8f60 JavaThread "quartzScheduler_Worker-2" [_thread_blocked, id=3848, stack(0x000000b694e00000,0x000000b694f00000)]
  0x00000270050e9470 JavaThread "quartzScheduler_Worker-3" [_thread_blocked, id=23156, stack(0x000000b694f00000,0x000000b695000000)]
  0x00000270050e9980 JavaThread "quartzScheduler_Worker-4" [_thread_blocked, id=21424, stack(0x000000b695000000,0x000000b695100000)]
  0x0000027009a33160 JavaThread "quartzScheduler_Worker-5" [_thread_blocked, id=29324, stack(0x000000b695100000,0x000000b695200000)]
  0x0000027009a2ea80 JavaThread "quartzScheduler_Worker-6" [_thread_blocked, id=7636, stack(0x000000b695200000,0x000000b695300000)]
  0x0000027009a345a0 JavaThread "quartzScheduler_Worker-7" [_thread_blocked, id=11352, stack(0x000000b695300000,0x000000b695400000)]
  0x0000027009a303d0 JavaThread "quartzScheduler_Worker-8" [_thread_blocked, id=6088, stack(0x000000b695400000,0x000000b695500000)]
  0x0000027009a34fc0 JavaThread "quartzScheduler_Worker-9" [_thread_blocked, id=24716, stack(0x000000b695500000,0x000000b695600000)]
  0x0000027009a354d0 JavaThread "quartzScheduler_Worker-10" [_thread_blocked, id=14268, stack(0x000000b695600000,0x000000b695700000)]
  0x0000027009a32740 JavaThread "quartzScheduler_QuartzSchedulerThread" [_thread_blocked, id=34980, stack(0x000000b695700000,0x000000b695800000)]
  0x0000027009a33670 JavaThread "http-nio-8002-exec-1" daemon [_thread_blocked, id=28436, stack(0x000000b695800000,0x000000b695900000)]
  0x0000027009a32c50 JavaThread "http-nio-8002-exec-2" daemon [_thread_blocked, id=24332, stack(0x000000b695900000,0x000000b695a00000)]
  0x0000027009a2e060 JavaThread "http-nio-8002-exec-3" daemon [_thread_blocked, id=24024, stack(0x000000b695a00000,0x000000b695b00000)]
  0x0000027009a2f9b0 JavaThread "http-nio-8002-exec-4" daemon [_thread_blocked, id=31832, stack(0x000000b695b00000,0x000000b695c00000)]
  0x0000027009a2e570 JavaThread "http-nio-8002-exec-5" daemon [_thread_blocked, id=25068, stack(0x000000b695c00000,0x000000b695d00000)]
  0x0000027009a2fec0 JavaThread "http-nio-8002-exec-6" daemon [_thread_blocked, id=23752, stack(0x000000b695d00000,0x000000b695e00000)]
  0x0000027009a359e0 JavaThread "http-nio-8002-exec-7" daemon [_thread_blocked, id=28192, stack(0x000000b695e00000,0x000000b695f00000)]
  0x0000027009a2ef90 JavaThread "http-nio-8002-exec-8" daemon [_thread_blocked, id=8012, stack(0x000000b695f00000,0x000000b696000000)]
  0x0000027009a32230 JavaThread "http-nio-8002-exec-9" daemon [_thread_blocked, id=11684, stack(0x000000b696000000,0x000000b696100000)]
  0x0000027009a34ab0 JavaThread "http-nio-8002-exec-10" daemon [_thread_blocked, id=28368, stack(0x000000b696100000,0x000000b696200000)]
  0x0000027009a31300 JavaThread "http-nio-8002-Poller" daemon [_thread_in_native, id=19116, stack(0x000000b696200000,0x000000b696300000)]
  0x0000027009a2f4a0 JavaThread "http-nio-8002-Acceptor" daemon [_thread_in_native, id=8272, stack(0x000000b696300000,0x000000b696400000)]
  0x0000027009a34090 JavaThread "DestroyJavaVM" [_thread_blocked, id=33704, stack(0x000000b68f400000,0x000000b68f500000)]
  0x0000027009a308e0 JavaThread "RMI TCP Connection(2)-10.206.190.127" daemon [_thread_in_native, id=27116, stack(0x000000b696400000,0x000000b696500000)]
  0x0000027009a33b80 JavaThread "RMI TCP Connection(3)-10.206.190.127" daemon [_thread_blocked, id=24348, stack(0x000000b696500000,0x000000b696600000)]
  0x0000027009a30df0 JavaThread "JMX server connection timeout 108" daemon [_thread_blocked, id=9716, stack(0x000000b696600000,0x000000b696700000)]
  0x0000027009a31d20 JavaThread "mysql-cj-abandoned-connection-cleanup" daemon [_thread_blocked, id=35940, stack(0x000000b696800000,0x000000b696900000)]

Other Threads:
=>0x000002703c205e50 VMThread "VM Thread" [stack: 0x000000b68fa00000,0x000000b68fb00000] [id=8596]
  0x00000270254b8ac0 WatcherThread [stack: 0x000000b691400000,0x000000b691500000] [id=23732]
  0x0000027025525100 GCTaskThread "GC Thread#0" [stack: 0x000000b68f500000,0x000000b68f600000] [id=30036]
  0x000002707f1141d0 GCTaskThread "GC Thread#1" [stack: 0x000000b690b00000,0x000000b690c00000] [id=36300]
  0x000002707f1148a0 GCTaskThread "GC Thread#2" [stack: 0x000000b690c00000,0x000000b690d00000] [id=17896]
  0x000002707f114b60 GCTaskThread "GC Thread#3" [stack: 0x000000b690d00000,0x000000b690e00000] [id=20648]
  0x000002707f118e30 GCTaskThread "GC Thread#4" [stack: 0x000000b690e00000,0x000000b690f00000] [id=23004]
  0x000002707f11bd10 GCTaskThread "GC Thread#5" [stack: 0x000000b690f00000,0x000000b691000000] [id=20736]
  0x000002707f1421d0 GCTaskThread "GC Thread#6" [stack: 0x000000b691000000,0x000000b691100000] [id=2620]
  0x000002707f142490 GCTaskThread "GC Thread#7" [stack: 0x000000b691100000,0x000000b691200000] [id=25264]
  0x000002707f142750 GCTaskThread "GC Thread#8" [stack: 0x000000b691200000,0x000000b691300000] [id=2864]
  0x000002707f4c7da0 GCTaskThread "GC Thread#9" [stack: 0x000000b691500000,0x000000b691600000] [id=10488]
  0x000002707f4c9070 GCTaskThread "GC Thread#10" [stack: 0x000000b691600000,0x000000b691700000] [id=6540]
  0x000002707f4c9330 GCTaskThread "GC Thread#11" [stack: 0x000000b691700000,0x000000b691800000] [id=776]
  0x000002707f4c9e00 GCTaskThread "GC Thread#12" [stack: 0x000000b691800000,0x000000b691900000] [id=28484]
  0x000002707f4ca0c0 GCTaskThread "GC Thread#13" [stack: 0x000000b691900000,0x000000b691a00000] [id=14076]
  0x000002707f4da510 GCTaskThread "GC Thread#14" [stack: 0x000000b691f00000,0x000000b692000000] [id=28008]
  0x0000027025537bb0 ConcurrentGCThread "G1 Main Marker" [stack: 0x000000b68f600000,0x000000b68f700000] [id=24196]
  0x00000270255384e0 ConcurrentGCThread "G1 Conc#0" [stack: 0x000000b68f700000,0x000000b68f800000] [id=20500]
  0x000002707f4d9490 ConcurrentGCThread "G1 Conc#1" [stack: 0x000000b691a00000,0x000000b691b00000] [id=6720]
  0x000002707f4db010 ConcurrentGCThread "G1 Conc#2" [stack: 0x000000b692000000,0x000000b692100000] [id=35168]
  0x000002707f4d9f90 ConcurrentGCThread "G1 Conc#3" [stack: 0x000000b692100000,0x000000b692200000] [id=25480]
  0x000002703c145100 ConcurrentGCThread "G1 Refine#0" [stack: 0x000000b68f800000,0x000000b68f900000] [id=19268]
  0x000002707f8b0b80 ConcurrentGCThread "G1 Refine#1" [stack: 0x000000b694a00000,0x000000b694b00000] [id=27380]
  0x000002707f8b1160 ConcurrentGCThread "G1 Refine#2" [stack: 0x000000b694b00000,0x000000b694c00000] [id=4484]
  0x000002703c145a40 ConcurrentGCThread "G1 Service" [stack: 0x000000b68f900000,0x000000b68fa00000] [id=3468]

Threads with active compile tasks:

VM state: at safepoint (normal execution)

VM Mutex/Monitor currently owned by a thread:  ([mutex/lock_event])
[0x00000270254a49f0] Metaspace_lock - owner thread: 0x000002703c205e50
[0x00000270254b23d0] Threads_lock - owner thread: 0x000002703c205e50
[0x00000270254b31e0] Heap_lock - owner thread: 0x0000027009a33b80

Heap address: 0x0000000703c00000, size: 4036 MB, Compressed Oops mode: Zero based, Oop shift amount: 3

CDS archive(s) mapped at: [0x000002703e000000-0x000002703ebb0000-0x000002703ebb0000), size 12255232, SharedBaseAddress: 0x000002703e000000, ArchiveRelocationMode: 1.
Compressed class space mapped at: 0x000002703f000000-0x000002707f000000, reserved size: 1073741824
Narrow klass base: 0x000002703e000000, Narrow klass shift: 0, Narrow klass range: 0x100000000

GC Precious Log:
 CPUs: 20 total, 20 available
 Memory: 16139M
 Large Page Support: Disabled
 NUMA Support: Disabled
 Compressed Oops: Enabled (Zero based)
 Heap Region Size: 2M
 Heap Min Capacity: 8M
 Heap Initial Capacity: 254M
 Heap Max Capacity: 4036M
 Pre-touch: Disabled
 Parallel Workers: 15
 Concurrent Workers: 4
 Concurrent Refinement Workers: 15
 Periodic GC: Disabled

Heap:
 garbage-first heap   total 102400K, used 41217K [0x0000000703c00000, 0x0000000800000000)
  region size 2048K, 3 young (6144K), 3 survivors (6144K)
 Metaspace       used 60033K, committed 60480K, reserved 1114112K
  class space    used 8225K, committed 8448K, reserved 1048576K

Heap Regions: E=young(eden), S=young(survivor), O=old, HS=humongous(starts), HC=humongous(continues), CS=collection set, F=free, OA=open archive, CA=closed archive, TAMS=top-at-mark-start (previous, next)
|   0|0x0000000703c00000, 0x0000000703e00000, 0x0000000703e00000|100%| O|  |TAMS 0x0000000703e00000, 0x0000000703e00000| Untracked 
|   1|0x0000000703e00000, 0x0000000704000000, 0x0000000704000000|100%| O|  |TAMS 0x0000000704000000, 0x0000000704000000| Untracked 
|   2|0x0000000704000000, 0x0000000704200000, 0x0000000704200000|100%| O|  |TAMS 0x0000000704200000, 0x0000000704200000| Untracked 
|   3|0x0000000704200000, 0x0000000704400000, 0x0000000704400000|100%| O|  |TAMS 0x0000000704400000, 0x0000000704400000| Untracked 
|   4|0x0000000704400000, 0x0000000704600000, 0x0000000704600000|100%| O|  |TAMS 0x0000000704600000, 0x0000000704600000| Untracked 
|   5|0x0000000704600000, 0x0000000704800000, 0x0000000704800000|100%| O|  |TAMS 0x0000000704600000, 0x0000000704800000| Untracked 
|   6|0x0000000704800000, 0x0000000704a00000, 0x0000000704a00000|100%| O|  |TAMS 0x0000000704a00000, 0x0000000704a00000| Untracked 
|   7|0x0000000704a00000, 0x0000000704c00000, 0x0000000704c00000|100%| O|  |TAMS 0x0000000704c00000, 0x0000000704c00000| Untracked 
|   8|0x0000000704c00000, 0x0000000704e00000, 0x0000000704e00000|100%| O|  |TAMS 0x0000000704e00000, 0x0000000704e00000| Untracked 
|   9|0x0000000704e00000, 0x0000000705000000, 0x0000000705000000|100%| O|  |TAMS 0x0000000704e00000, 0x0000000705000000| Untracked 
|  10|0x0000000705000000, 0x0000000705200000, 0x0000000705200000|100%| O|  |TAMS 0x0000000705000000, 0x0000000705200000| Untracked 
|  11|0x0000000705200000, 0x0000000705400000, 0x0000000705400000|100%| O|  |TAMS 0x0000000705200000, 0x0000000705400000| Untracked 
|  12|0x0000000705400000, 0x0000000705600000, 0x0000000705600000|100%| O|  |TAMS 0x0000000705400000, 0x0000000705600000| Untracked 
|  13|0x0000000705600000, 0x000000070577c800, 0x0000000705800000| 74%| O|  |TAMS 0x0000000705600000, 0x0000000705600000| Untracked 
|  14|0x0000000705800000, 0x0000000705a00000, 0x0000000705a00000|100%| O|  |TAMS 0x0000000705a00000, 0x0000000705a00000| Untracked 
|  15|0x0000000705a00000, 0x0000000705c00000, 0x0000000705c00000|100%| O|  |TAMS 0x0000000705c00000, 0x0000000705c00000| Untracked 
|  16|0x0000000705c00000, 0x0000000705c00000, 0x0000000705e00000|  0%| F|  |TAMS 0x0000000705c00000, 0x0000000705c00000| Untracked 
|  17|0x0000000705e00000, 0x0000000705e00000, 0x0000000706000000|  0%| F|  |TAMS 0x0000000705e00000, 0x0000000705e00000| Untracked 
|  18|0x0000000706000000, 0x0000000706000000, 0x0000000706200000|  0%| F|  |TAMS 0x0000000706000000, 0x0000000706000000| Untracked 
|  19|0x0000000706200000, 0x0000000706200000, 0x0000000706400000|  0%| F|  |TAMS 0x0000000706200000, 0x0000000706200000| Untracked 
|  20|0x0000000706400000, 0x0000000706600000, 0x0000000706600000|100%| O|  |TAMS 0x0000000706400000, 0x0000000706600000| Untracked 
|  21|0x0000000706600000, 0x0000000706800000, 0x0000000706800000|100%| O|  |TAMS 0x0000000706600000, 0x000000070670b800| Untracked 
|  22|0x0000000706800000, 0x0000000706800000, 0x0000000706a00000|  0%| F|  |TAMS 0x0000000706800000, 0x0000000706800000| Untracked 
|  23|0x0000000706a00000, 0x0000000706a00000, 0x0000000706c00000|  0%| F|  |TAMS 0x0000000706a00000, 0x0000000706a00000| Untracked 
|  24|0x0000000706c00000, 0x0000000706c00000, 0x0000000706e00000|  0%| F|  |TAMS 0x0000000706c00000, 0x0000000706c00000| Untracked 
|  25|0x0000000706e00000, 0x0000000706e00000, 0x0000000707000000|  0%| F|  |TAMS 0x0000000706e00000, 0x0000000706e00000| Untracked 
|  26|0x0000000707000000, 0x0000000707000000, 0x0000000707200000|  0%| F|  |TAMS 0x0000000707000000, 0x0000000707000000| Untracked 
|  27|0x0000000707200000, 0x0000000707200000, 0x0000000707400000|  0%| F|  |TAMS 0x0000000707200000, 0x0000000707200000| Untracked 
|  28|0x0000000707400000, 0x0000000707400000, 0x0000000707600000|  0%| F|  |TAMS 0x0000000707400000, 0x0000000707400000| Untracked 
|  29|0x0000000707600000, 0x0000000707600000, 0x0000000707800000|  0%| F|  |TAMS 0x0000000707600000, 0x0000000707600000| Untracked 
|  30|0x0000000707800000, 0x0000000707800000, 0x0000000707a00000|  0%| F|  |TAMS 0x0000000707800000, 0x0000000707800000| Untracked 
|  31|0x0000000707a00000, 0x0000000707a00000, 0x0000000707c00000|  0%| F|  |TAMS 0x0000000707a00000, 0x0000000707a00000| Untracked 
|  32|0x0000000707c00000, 0x0000000707c00000, 0x0000000707e00000|  0%| F|  |TAMS 0x0000000707c00000, 0x0000000707c00000| Untracked 
|  33|0x0000000707e00000, 0x0000000707e00000, 0x0000000708000000|  0%| F|  |TAMS 0x0000000707e00000, 0x0000000707e00000| Untracked 
|  34|0x0000000708000000, 0x0000000708000000, 0x0000000708200000|  0%| F|  |TAMS 0x0000000708000000, 0x0000000708000000| Untracked 
|  35|0x0000000708200000, 0x00000007082c3f70, 0x0000000708400000| 38%| S|CS|TAMS 0x0000000708200000, 0x0000000708200000| Complete 
|  36|0x0000000708400000, 0x0000000708600000, 0x0000000708600000|100%| S|CS|TAMS 0x0000000708400000, 0x0000000708400000| Complete 
|  37|0x0000000708600000, 0x0000000708800000, 0x0000000708800000|100%| S|CS|TAMS 0x0000000708600000, 0x0000000708600000| Complete 
|  38|0x0000000708800000, 0x0000000708800000, 0x0000000708a00000|  0%| F|  |TAMS 0x0000000708800000, 0x0000000708800000| Untracked 
|  39|0x0000000708a00000, 0x0000000708a00000, 0x0000000708c00000|  0%| F|  |TAMS 0x0000000708a00000, 0x0000000708a00000| Untracked 
|  40|0x0000000708c00000, 0x0000000708c00000, 0x0000000708e00000|  0%| F|  |TAMS 0x0000000708c00000, 0x0000000708c00000| Untracked 
|  41|0x0000000708e00000, 0x0000000708e00000, 0x0000000709000000|  0%| F|  |TAMS 0x0000000708e00000, 0x0000000708e00000| Untracked 
|  42|0x0000000709000000, 0x0000000709000000, 0x0000000709200000|  0%| F|  |TAMS 0x0000000709000000, 0x0000000709000000| Untracked 
|  43|0x0000000709200000, 0x0000000709200000, 0x0000000709400000|  0%| F|  |TAMS 0x0000000709200000, 0x0000000709200000| Untracked 
|  44|0x0000000709400000, 0x0000000709400000, 0x0000000709600000|  0%| F|  |TAMS 0x0000000709400000, 0x0000000709400000| Untracked 
|  45|0x0000000709600000, 0x0000000709600000, 0x0000000709800000|  0%| F|  |TAMS 0x0000000709600000, 0x0000000709600000| Untracked 
|  46|0x0000000709800000, 0x0000000709800000, 0x0000000709a00000|  0%| F|  |TAMS 0x0000000709800000, 0x0000000709800000| Untracked 
|  47|0x0000000709a00000, 0x0000000709a00000, 0x0000000709c00000|  0%| F|  |TAMS 0x0000000709a00000, 0x0000000709a00000| Untracked 
|  48|0x0000000709c00000, 0x0000000709c00000, 0x0000000709e00000|  0%| F|  |TAMS 0x0000000709c00000, 0x0000000709c00000| Untracked 
| 126|0x0000000713800000, 0x0000000713800000, 0x0000000713a00000|  0%| F|  |TAMS 0x0000000713800000, 0x0000000713800000| Untracked 

Card table byte_map: [0x0000027031030000,0x0000027031820000] _byte_map_base: 0x000002702d812000

Marking Bits (Prev, Next): (CMBitMap*) 0x0000027025525630, (CMBitMap*) 0x0000027025525670
 Prev Bits: [0x0000027032010000, 0x0000027035f20000)
 Next Bits: [0x0000027035f20000, 0x0000027039e30000)

Polling page: 0x0000027024c40000

Metaspace:

Usage:
  Non-class:     50.59 MB used.
      Class:      8.03 MB used.
       Both:     58.63 MB used.

Virtual space:
  Non-class space:       64.00 MB reserved,      50.81 MB ( 79%) committed,  1 nodes.
      Class space:        1.00 GB reserved,       8.25 MB ( <1%) committed,  1 nodes.
             Both:        1.06 GB reserved,      59.06 MB (  5%) committed. 

Chunk freelists:
   Non-Class:  12.67 MB
       Class:  7.75 MB
        Both:  20.42 MB

MaxMetaspaceSize: unlimited
CompressedClassSpaceSize: 1.00 GB
Initial GC threshold: 21.00 MB
Current GC threshold: 59.38 MB
CDS: on
MetaspaceReclaimPolicy: balanced
 - commit_granule_bytes: 65536.
 - commit_granule_words: 8192.
 - virtual_space_node_default_size: 8388608.
 - enlarge_chunks_in_place: 1.
 - new_chunks_are_fully_committed: 0.
 - uncommit_free_chunks: 1.
 - use_allocation_guard: 0.
 - handle_deallocations: 1.


Internal statistics:

num_allocs_failed_limit: 9.
num_arena_births: 756.
num_arena_deaths: 0.
num_vsnodes_births: 2.
num_vsnodes_deaths: 0.
num_space_committed: 945.
num_space_uncommitted: 0.
num_chunks_returned_to_freelist: 9.
num_chunks_taken_from_freelist: 2817.
num_chunk_merges: 9.
num_chunk_splits: 2071.
num_chunks_enlarged: 1623.
num_inconsistent_stats: 0.

CodeCache: size=49152Kb used=15982Kb max_used=15982Kb free=33169Kb
 bounds [0x000002702cfb0000, 0x000002702df50000, 0x000002702ffb0000]
 total_blobs=6818 nmethods=6079 adapters=659
 compilation: enabled
              stopped_count=0, restarted_count=0
 full_count=0

Compilation events (20 events):
Event: 3.276 Thread 0x000002703d3800e0 nmethod 6071 0x000002702df45390 code [0x000002702df45520, 0x000002702df45638]
Event: 3.276 Thread 0x000002703c22f610 nmethod 6072 0x000002702df45690 code [0x000002702df45820, 0x000002702df45918]
Event: 3.276 Thread 0x000002707f891e70 nmethod 6069 0x000002702df45990 code [0x000002702df45b20, 0x000002702df45c38]
Event: 3.276 Thread 0x000002703d1d0130 nmethod 6067 0x000002702df45d10 code [0x000002702df46040, 0x000002702df46e48]
Event: 3.284 Thread 0x000002707f826490 6073       1       java.nio.DirectByteBuffer::attachment (5 bytes)
Event: 3.284 Thread 0x000002707f826490 nmethod 6073 0x000002702df47a10 code [0x000002702df47ba0, 0x000002702df47c78]
Event: 3.288 Thread 0x000002707f891e70 6074       1       java.util.zip.ZipInputStream::ensureOpen (18 bytes)
Event: 3.288 Thread 0x000002707f891e70 nmethod 6074 0x000002702df47d10 code [0x000002702df47ec0, 0x000002702df48048]
Event: 3.288 Thread 0x000002707f826490 6075       1       java.io.PushbackInputStream::ensureOpen (18 bytes)
Event: 3.288 Thread 0x000002707f826490 nmethod 6075 0x000002702df48110 code [0x000002702df482c0, 0x000002702df48448]
Event: 3.288 Thread 0x000002707f88d790 6076       1       java.io.PushbackInputStream::read (145 bytes)
Event: 3.288 Thread 0x000002707f826490 6077       1       java.util.zip.ZipInputStream::read (304 bytes)
Event: 3.288 Thread 0x000002707f88d790 nmethod 6076 0x000002702df48510 code [0x000002702df48720, 0x000002702df48c48]
Event: 3.288 Thread 0x000002703d3800e0 6078       1       java.util.zip.ZipUtils::get32 (23 bytes)
Event: 3.288 Thread 0x000002703d3800e0 nmethod 6078 0x000002702df48e90 code [0x000002702df49020, 0x000002702df49158]
Event: 3.288 Thread 0x000002707f826490 nmethod 6077 0x000002702df49210 code [0x000002702df49520, 0x000002702df4a0b8]
Event: 3.290 Thread 0x000002707f88d790 6079       1       java.util.zip.ZipInputStream::readFully (44 bytes)
Event: 3.291 Thread 0x000002707f88d790 nmethod 6079 0x000002702df4a710 code [0x000002702df4a8c0, 0x000002702df4aab8]
Event: 3.292 Thread 0x000002707f826490 6080       1       java.util.zip.ZipInputStream::closeEntry (31 bytes)
Event: 3.292 Thread 0x000002707f826490 nmethod 6080 0x000002702df4ac10 code [0x000002702df4adc0, 0x000002702df4af98]

GC Heap History (20 events):
Event: 0.975 GC heap before
{Heap before GC invocations=3 (full 0):
 garbage-first heap   total 260096K, used 64734K [0x0000000703c00000, 0x0000000800000000)
  region size 2048K, 28 young (57344K), 2 survivors (4096K)
 Metaspace       used 21281K, committed 21504K, reserved 1114112K
  class space    used 2734K, committed 2816K, reserved 1048576K
}
Event: 0.978 GC heap after
{Heap after GC invocations=4 (full 0):
 garbage-first heap   total 260096K, used 19752K [0x0000000703c00000, 0x0000000800000000)
  region size 2048K, 4 young (8192K), 4 survivors (8192K)
 Metaspace       used 21281K, committed 21504K, reserved 1114112K
  class space    used 2734K, committed 2816K, reserved 1048576K
}
Event: 1.190 GC heap before
{Heap before GC invocations=5 (full 0):
 garbage-first heap   total 75776K, used 56616K [0x0000000703c00000, 0x0000000800000000)
  region size 2048K, 23 young (47104K), 4 survivors (8192K)
 Metaspace       used 25025K, committed 25408K, reserved 1114112K
  class space    used 3214K, committed 3392K, reserved 1048576K
}
Event: 1.194 GC heap after
{Heap after GC invocations=6 (full 0):
 garbage-first heap   total 75776K, used 21807K [0x0000000703c00000, 0x0000000800000000)
  region size 2048K, 5 young (10240K), 5 survivors (10240K)
 Metaspace       used 25025K, committed 25408K, reserved 1114112K
  class space    used 3214K, committed 3392K, reserved 1048576K
}
Event: 1.210 GC heap before
{Heap before GC invocations=6 (full 0):
 garbage-first heap   total 75776K, used 23855K [0x0000000703c00000, 0x0000000800000000)
  region size 2048K, 6 young (12288K), 5 survivors (10240K)
 Metaspace       used 25176K, committed 25600K, reserved 1114112K
  class space    used 3245K, committed 3456K, reserved 1048576K
}
Event: 1.215 GC heap after
{Heap after GC invocations=7 (full 0):
 garbage-first heap   total 75776K, used 23016K [0x0000000703c00000, 0x0000000800000000)
  region size 2048K, 1 young (2048K), 1 survivors (2048K)
 Metaspace       used 25176K, committed 25600K, reserved 1114112K
  class space    used 3245K, committed 3456K, reserved 1048576K
}
Event: 1.406 GC heap before
{Heap before GC invocations=7 (full 0):
 garbage-first heap   total 75776K, used 47592K [0x0000000703c00000, 0x0000000800000000)
  region size 2048K, 14 young (28672K), 1 survivors (2048K)
 Metaspace       used 28135K, committed 28544K, reserved 1114112K
  class space    used 3691K, committed 3904K, reserved 1048576K
}
Event: 1.408 GC heap after
{Heap after GC invocations=8 (full 0):
 garbage-first heap   total 139264K, used 23304K [0x0000000703c00000, 0x0000000800000000)
  region size 2048K, 1 young (2048K), 1 survivors (2048K)
 Metaspace       used 28135K, committed 28544K, reserved 1114112K
  class space    used 3691K, committed 3904K, reserved 1048576K
}
Event: 1.843 GC heap before
{Heap before GC invocations=8 (full 0):
 garbage-first heap   total 139264K, used 80648K [0x0000000703c00000, 0x0000000800000000)
  region size 2048K, 30 young (61440K), 1 survivors (2048K)
 Metaspace       used 35676K, committed 36096K, reserved 1114112K
  class space    used 4941K, committed 5184K, reserved 1048576K
}
Event: 1.846 GC heap after
{Heap after GC invocations=9 (full 0):
 garbage-first heap   total 139264K, used 27022K [0x0000000703c00000, 0x0000000800000000)
  region size 2048K, 3 young (6144K), 3 survivors (6144K)
 Metaspace       used 35676K, committed 36096K, reserved 1114112K
  class space    used 4941K, committed 5184K, reserved 1048576K
}
Event: 2.245 GC heap before
{Heap before GC invocations=10 (full 0):
 garbage-first heap   total 102400K, used 82318K [0x0000000703c00000, 0x0000000800000000)
  region size 2048K, 30 young (61440K), 3 survivors (6144K)
 Metaspace       used 45660K, committed 46144K, reserved 1114112K
  class space    used 6204K, committed 6464K, reserved 1048576K
}
Event: 2.249 GC heap after
{Heap after GC invocations=11 (full 0):
 garbage-first heap   total 102400K, used 33830K [0x0000000703c00000, 0x0000000800000000)
  region size 2048K, 4 young (8192K), 4 survivors (8192K)
 Metaspace       used 45660K, committed 46144K, reserved 1114112K
  class space    used 6204K, committed 6464K, reserved 1048576K
}
Event: 2.259 GC heap before
{Heap before GC invocations=11 (full 0):
 garbage-first heap   total 102400K, used 35878K [0x0000000703c00000, 0x0000000800000000)
  region size 2048K, 5 young (10240K), 4 survivors (8192K)
 Metaspace       used 45809K, committed 46272K, reserved 1114112K
  class space    used 6227K, committed 6464K, reserved 1048576K
}
Event: 2.261 GC heap after
{Heap after GC invocations=12 (full 0):
 garbage-first heap   total 102400K, used 35234K [0x0000000703c00000, 0x0000000800000000)
  region size 2048K, 1 young (2048K), 1 survivors (2048K)
 Metaspace       used 45809K, committed 46272K, reserved 1114112K
  class space    used 6227K, committed 6464K, reserved 1048576K
}
Event: 2.553 GC heap before
{Heap before GC invocations=12 (full 0):
 garbage-first heap   total 102400K, used 74146K [0x0000000703c00000, 0x0000000800000000)
  region size 2048K, 20 young (40960K), 1 survivors (2048K)
 Metaspace       used 51870K, committed 52416K, reserved 1114112K
  class space    used 7056K, committed 7296K, reserved 1048576K
}
Event: 2.555 GC heap after
{Heap after GC invocations=13 (full 0):
 garbage-first heap   total 102400K, used 36561K [0x0000000703c00000, 0x0000000800000000)
  region size 2048K, 2 young (4096K), 2 survivors (4096K)
 Metaspace       used 51870K, committed 52416K, reserved 1114112K
  class space    used 7056K, committed 7296K, reserved 1048576K
}
Event: 3.095 GC heap before
{Heap before GC invocations=13 (full 0):
 garbage-first heap   total 102400K, used 75473K [0x0000000703c00000, 0x0000000800000000)
  region size 2048K, 21 young (43008K), 2 survivors (4096K)
 Metaspace       used 56084K, committed 56640K, reserved 1114112K
  class space    used 7696K, committed 8000K, reserved 1048576K
}
Event: 3.099 GC heap after
{Heap after GC invocations=14 (full 0):
 garbage-first heap   total 102400K, used 39566K [0x0000000703c00000, 0x0000000800000000)
  region size 2048K, 3 young (6144K), 3 survivors (6144K)
 Metaspace       used 56084K, committed 56640K, reserved 1114112K
  class space    used 7696K, committed 8000K, reserved 1048576K
}
Event: 3.316 GC heap before
{Heap before GC invocations=14 (full 0):
 garbage-first heap   total 102400K, used 60046K [0x0000000703c00000, 0x0000000800000000)
  region size 2048K, 15 young (30720K), 3 survivors (6144K)
 Metaspace       used 60033K, committed 60480K, reserved 1114112K
  class space    used 8225K, committed 8448K, reserved 1048576K
}
Event: 3.319 GC heap after
{Heap after GC invocations=15 (full 0):
 garbage-first heap   total 102400K, used 41217K [0x0000000703c00000, 0x0000000800000000)
  region size 2048K, 3 young (6144K), 3 survivors (6144K)
 Metaspace       used 60033K, committed 60480K, reserved 1114112K
  class space    used 8225K, committed 8448K, reserved 1048576K
}

Dll operation events (13 events):
Event: 0.007 Loaded shared library C:\Users\19596\.jdks\corretto-17.0.12\bin\java.dll
Event: 0.007 Loaded shared library C:\Users\19596\.jdks\corretto-17.0.12\bin\zip.dll
Event: 0.017 Loaded shared library C:\Users\19596\.jdks\corretto-17.0.12\bin\jsvml.dll
Event: 0.109 Loaded shared library C:\Users\19596\.jdks\corretto-17.0.12\bin\instrument.dll
Event: 0.120 Loaded shared library C:\Users\19596\.jdks\corretto-17.0.12\bin\jimage.dll
Event: 0.129 Loaded shared library C:\Users\19596\.jdks\corretto-17.0.12\bin\net.dll
Event: 0.130 Loaded shared library C:\Users\19596\.jdks\corretto-17.0.12\bin\nio.dll
Event: 0.135 Loaded shared library C:\Users\19596\.jdks\corretto-17.0.12\bin\zip.dll
Event: 0.213 Loaded shared library C:\Users\19596\.jdks\corretto-17.0.12\bin\management.dll
Event: 0.221 Loaded shared library C:\Users\19596\.jdks\corretto-17.0.12\bin\management_ext.dll
Event: 0.356 Loaded shared library C:\Users\19596\.jdks\corretto-17.0.12\bin\extnet.dll
Event: 0.372 Loaded shared library C:\Users\19596\.jdks\corretto-17.0.12\bin\verify.dll
Event: 1.753 Loaded shared library C:\Users\19596\.jdks\corretto-17.0.12\bin\sunmscapi.dll

Deoptimization events (20 events):
Event: 3.234 Thread 0x0000027009a33b80 DEOPT PACKING pc=0x000002702d4251dc sp=0x000000b6965fafe0
Event: 3.234 Thread 0x0000027009a33b80 DEOPT UNPACKING pc=0x000002702d007143 sp=0x000000b6965fa4d0 mode 1
Event: 3.234 Thread 0x0000027009a33b80 DEOPT PACKING pc=0x000002702d43fc64 sp=0x000000b6965fa4d0
Event: 3.234 Thread 0x0000027009a33b80 DEOPT UNPACKING pc=0x000002702d007143 sp=0x000000b6965f9968 mode 1
Event: 3.234 Thread 0x0000027009a33b80 DEOPT PACKING pc=0x000002702d43e9fc sp=0x000000b6965fa5a0
Event: 3.234 Thread 0x0000027009a33b80 DEOPT UNPACKING pc=0x000002702d007143 sp=0x000000b6965f9a58 mode 1
Event: 3.234 Thread 0x0000027009a33b80 DEOPT PACKING pc=0x000002702d4251dc sp=0x000000b6965faf80
Event: 3.234 Thread 0x0000027009a33b80 DEOPT UNPACKING pc=0x000002702d007143 sp=0x000000b6965fa470 mode 1
Event: 3.234 Thread 0x0000027009a33b80 DEOPT PACKING pc=0x000002702d8d4224 sp=0x000000b6965fafc0
Event: 3.234 Thread 0x0000027009a33b80 DEOPT UNPACKING pc=0x000002702d007143 sp=0x000000b6965fa490 mode 1
Event: 3.245 Thread 0x0000027009a33b80 DEOPT PACKING pc=0x000002702de40c54 sp=0x000000b6965fc500
Event: 3.245 Thread 0x0000027009a33b80 DEOPT UNPACKING pc=0x000002702d007143 sp=0x000000b6965fba68 mode 1
Event: 3.245 Thread 0x0000027009a33b80 DEOPT PACKING pc=0x000002702de40c54 sp=0x000000b6965fc500
Event: 3.245 Thread 0x0000027009a33b80 DEOPT UNPACKING pc=0x000002702d007143 sp=0x000000b6965fba68 mode 1
Event: 3.301 Thread 0x0000027009a33b80 DEOPT PACKING pc=0x000002702d43fc64 sp=0x000000b6965fa930
Event: 3.301 Thread 0x0000027009a33b80 DEOPT UNPACKING pc=0x000002702d007143 sp=0x000000b6965f9dc8 mode 1
Event: 3.301 Thread 0x0000027009a33b80 DEOPT PACKING pc=0x000002702d43e9fc sp=0x000000b6965faa00
Event: 3.301 Thread 0x0000027009a33b80 DEOPT UNPACKING pc=0x000002702d007143 sp=0x000000b6965f9eb8 mode 1
Event: 3.301 Thread 0x0000027009a33b80 DEOPT PACKING pc=0x000002702d8d4224 sp=0x000000b6965fb3e0
Event: 3.301 Thread 0x0000027009a33b80 DEOPT UNPACKING pc=0x000002702d007143 sp=0x000000b6965fa8b0 mode 1

Classes loaded (20 events):
Event: 3.313 Loading class org/h2/mvstore/type/StatefulDataType$Factory
Event: 3.313 Loading class org/h2/mvstore/type/StatefulDataType$Factory done
Event: 3.313 Loading class org/h2/mvstore/db/RowDataType$Factory
Event: 3.313 Loading class org/h2/mvstore/db/RowDataType$Factory done
Event: 3.313 Loading class org/h2/mvstore/db/ValueDataType
Event: 3.313 Loading class org/h2/mvstore/db/ValueDataType done
Event: 3.314 Loading class org/h2/value/ValueBoolean
Event: 3.314 Loading class org/h2/value/ValueBoolean done
Event: 3.315 Loading class org/h2/value/ValueBigint
Event: 3.315 Loading class org/h2/value/ValueBigint done
Event: 3.315 Loading class org/h2/value/ValueTinyint
Event: 3.315 Loading class org/h2/value/ValueTinyint done
Event: 3.315 Loading class org/h2/value/ValueSmallint
Event: 3.315 Loading class org/h2/value/ValueSmallint done
Event: 3.316 Loading class org/h2/value/ValueNumeric
Event: 3.316 Loading class org/h2/value/ValueNumeric done
Event: 3.316 Loading class org/h2/value/ValueBigDecimalBase
Event: 3.316 Loading class org/h2/value/ValueBigDecimalBase done
Event: 3.316 Loading class org/h2/value/ValueDecfloat
Event: 3.316 Loading class org/h2/value/ValueDecfloat done

Classes unloaded (0 events):
No events

Classes redefined (0 events):
No events

Internal exceptions (20 events):
Event: 3.225 Thread 0x0000027009a33b80 Exception <a 'java/lang/ClassNotFoundException'{0x0000000709020bc8}: org/apache/shardingsphere/infra/yaml/config/pojo/YamlRootConfigurationBeanInfo> (0x0000000709020bc8) 
thrown [s\src\hotspot\share\classfile\systemDictionary.cpp, line 256]
Event: 3.225 Thread 0x0000027009a33b80 Exception <a 'java/lang/ClassNotFoundException'{0x0000000709021e08}: java/lang/ObjectBeanInfo> (0x0000000709021e08) 
thrown [s\src\hotspot\share\classfile\systemDictionary.cpp, line 256]
Event: 3.225 Thread 0x0000027009a33b80 Exception <a 'java/lang/ClassNotFoundException'{0x0000000709023050}: java/lang/ObjectCustomizer> (0x0000000709023050) 
thrown [s\src\hotspot\share\classfile\systemDictionary.cpp, line 256]
Event: 3.226 Thread 0x0000027009a33b80 Exception <a 'java/lang/ClassNotFoundException'{0x000000070902ecb8}: org/apache/shardingsphere/infra/yaml/config/pojo/YamlRootConfigurationCustomizer> (0x000000070902ecb8) 
thrown [s\src\hotspot\share\classfile\systemDictionary.cpp, line 256]
Event: 3.227 Thread 0x0000027009a33b80 Exception <a 'java/lang/ClassNotFoundException'{0x00000007090565c8}: org/apache/shardingsphere/sharding/yaml/config/YamlShardingRuleConfigurationBeanInfo> (0x00000007090565c8) 
thrown [s\src\hotspot\share\classfile\systemDictionary.cpp, line 256]
Event: 3.227 Thread 0x0000027009a33b80 Exception <a 'java/lang/ClassNotFoundException'{0x000000070905f380}: org/apache/shardingsphere/sharding/yaml/config/YamlShardingRuleConfigurationCustomizer> (0x000000070905f380) 
thrown [s\src\hotspot\share\classfile\systemDictionary.cpp, line 256]
Event: 3.229 Thread 0x0000027009a33b80 Exception <a 'java/lang/ClassNotFoundException'{0x00000007090ad338}: org/apache/shardingsphere/sharding/yaml/config/rule/YamlTableRuleConfigurationBeanInfo> (0x00000007090ad338) 
thrown [s\src\hotspot\share\classfile\systemDictionary.cpp, line 256]
Event: 3.229 Thread 0x0000027009a33b80 Exception <a 'java/lang/ClassNotFoundException'{0x00000007090b6460}: org/apache/shardingsphere/sharding/yaml/config/rule/YamlTableRuleConfigurationCustomizer> (0x00000007090b6460) 
thrown [s\src\hotspot\share\classfile\systemDictionary.cpp, line 256]
Event: 3.230 Thread 0x0000027009a33b80 Exception <a 'java/lang/ClassNotFoundException'{0x00000007090ccd80}: org/apache/shardingsphere/sharding/yaml/config/strategy/sharding/YamlShardingStrategyConfigurationBeanInfo> (0x00000007090ccd80) 
thrown [s\src\hotspot\share\classfile\systemDictionary.cpp, line 256]
Event: 3.230 Thread 0x0000027009a33b80 Exception <a 'java/lang/ClassNotFoundException'{0x00000007090d6760}: org/apache/shardingsphere/sharding/yaml/config/strategy/sharding/YamlShardingStrategyConfigurationCustomizer> (0x00000007090d6760) 
thrown [s\src\hotspot\share\classfile\systemDictionary.cpp, line 256]
Event: 3.231 Thread 0x0000027009a33b80 Exception <a 'java/lang/ClassNotFoundException'{0x00000007090f7540}: org/apache/shardingsphere/sharding/yaml/config/strategy/sharding/YamlStandardShardingStrategyConfigurationBeanInfo> (0x00000007090f7540) 
thrown [s\src\hotspot\share\classfile\systemDictionary.cpp, line 256]
Event: 3.231 Thread 0x0000027009a33b80 Exception <a 'java/lang/ClassNotFoundException'{0x0000000709101228}: org/apache/shardingsphere/sharding/yaml/config/strategy/sharding/YamlStandardShardingStrategyConfigurationCustomizer> (0x0000000709101228) 
thrown [s\src\hotspot\share\classfile\systemDictionary.cpp, line 256]
Event: 3.231 Thread 0x0000027009a33b80 Exception <a 'java/lang/ClassNotFoundException'{0x00000007091106a8}: org/apache/shardingsphere/infra/yaml/config/pojo/algorithm/YamlAlgorithmConfigurationBeanInfo> (0x00000007091106a8) 
thrown [s\src\hotspot\share\classfile\systemDictionary.cpp, line 256]
Event: 3.232 Thread 0x0000027009a33b80 Exception <a 'java/lang/ClassNotFoundException'{0x0000000709119ca0}: org/apache/shardingsphere/infra/yaml/config/pojo/algorithm/YamlAlgorithmConfigurationCustomizer> (0x0000000709119ca0) 
thrown [s\src\hotspot\share\classfile\systemDictionary.cpp, line 256]
Event: 3.232 Thread 0x0000027009a33b80 Exception <a 'java/lang/ClassNotFoundException'{0x0000000709128820}: org/apache/shardingsphere/encrypt/yaml/config/YamlEncryptRuleConfigurationBeanInfo> (0x0000000709128820) 
thrown [s\src\hotspot\share\classfile\systemDictionary.cpp, line 256]
Event: 3.232 Thread 0x0000027009a33b80 Exception <a 'java/lang/ClassNotFoundException'{0x00000007091314e8}: org/apache/shardingsphere/encrypt/yaml/config/YamlEncryptRuleConfigurationCustomizer> (0x00000007091314e8) 
thrown [s\src\hotspot\share\classfile\systemDictionary.cpp, line 256]
Event: 3.233 Thread 0x0000027009a33b80 Exception <a 'java/lang/ClassNotFoundException'{0x000000070914c308}: org/apache/shardingsphere/encrypt/yaml/config/rule/YamlEncryptTableRuleConfigurationBeanInfo> (0x000000070914c308) 
thrown [s\src\hotspot\share\classfile\systemDictionary.cpp, line 256]
Event: 3.233 Thread 0x0000027009a33b80 Exception <a 'java/lang/ClassNotFoundException'{0x0000000709155588}: org/apache/shardingsphere/encrypt/yaml/config/rule/YamlEncryptTableRuleConfigurationCustomizer> (0x0000000709155588) 
thrown [s\src\hotspot\share\classfile\systemDictionary.cpp, line 256]
Event: 3.234 Thread 0x0000027009a33b80 Exception <a 'java/lang/ClassNotFoundException'{0x000000070916d7e0}: org/apache/shardingsphere/encrypt/yaml/config/rule/YamlEncryptColumnRuleConfigurationBeanInfo> (0x000000070916d7e0) 
thrown [s\src\hotspot\share\classfile\systemDictionary.cpp, line 256]
Event: 3.234 Thread 0x0000027009a33b80 Exception <a 'java/lang/ClassNotFoundException'{0x0000000709176c58}: org/apache/shardingsphere/encrypt/yaml/config/rule/YamlEncryptColumnRuleConfigurationCustomizer> (0x0000000709176c58) 
thrown [s\src\hotspot\share\classfile\systemDictionary.cpp, line 256]

VM Operations (20 events):
Event: 2.555 Executing VM operation: G1CollectForAllocation done
Event: 2.583 Executing VM operation: HandshakeAllThreads
Event: 2.583 Executing VM operation: HandshakeAllThreads done
Event: 2.594 Executing VM operation: HandshakeAllThreads
Event: 2.594 Executing VM operation: HandshakeAllThreads done
Event: 2.675 Executing VM operation: HandshakeAllThreads
Event: 2.675 Executing VM operation: HandshakeAllThreads done
Event: 2.716 Executing VM operation: HandshakeAllThreads
Event: 2.716 Executing VM operation: HandshakeAllThreads done
Event: 2.811 Executing VM operation: HandshakeAllThreads
Event: 2.811 Executing VM operation: HandshakeAllThreads done
Event: 2.815 Executing VM operation: HandshakeAllThreads
Event: 2.815 Executing VM operation: HandshakeAllThreads done
Event: 2.838 Executing VM operation: HandshakeAllThreads
Event: 2.838 Executing VM operation: HandshakeAllThreads done
Event: 3.095 Executing VM operation: G1CollectForAllocation
Event: 3.099 Executing VM operation: G1CollectForAllocation done
Event: 3.120 Executing VM operation: HandshakeAllThreads
Event: 3.120 Executing VM operation: HandshakeAllThreads done
Event: 3.316 Executing VM operation: CollectForMetadataAllocation

Events (20 events):
Event: 3.076 Thread 0x0000027009a308e0 Thread added: 0x0000027009a308e0
Event: 3.081 Thread 0x0000027009a308e0 Thread exited: 0x0000027009a308e0
Event: 3.092 Thread 0x0000027009a308e0 Thread added: 0x0000027009a308e0
Event: 3.093 Thread 0x0000027009a33b80 Thread added: 0x0000027009a33b80
Event: 3.101 Thread 0x0000027009a33b80 Thread exited: 0x0000027009a33b80
Event: 3.101 Thread 0x0000027009a30df0 Thread added: 0x0000027009a30df0
Event: 3.104 Thread 0x0000027009a30df0 Thread exited: 0x0000027009a30df0
Event: 3.106 Thread 0x0000027009a33b80 Thread added: 0x0000027009a33b80
Event: 3.106 Thread 0x0000027009a30df0 Thread added: 0x0000027009a30df0
Event: 3.110 Thread 0x0000027009a30df0 Thread exited: 0x0000027009a30df0
Event: 3.111 Thread 0x0000027009a30df0 Thread added: 0x0000027009a30df0
Event: 3.145 Thread 0x0000027009a30df0 Thread exited: 0x0000027009a30df0
Event: 3.146 Thread 0x0000027009a30df0 Thread added: 0x0000027009a30df0
Event: 3.146 Thread 0x0000027009a31810 Thread added: 0x0000027009a31810
Event: 3.149 Thread 0x0000027009a30df0 Thread exited: 0x0000027009a30df0
Event: 3.149 Thread 0x0000027009a31810 Thread exited: 0x0000027009a31810
Event: 3.149 Thread 0x0000027009a30df0 Thread added: 0x0000027009a30df0
Event: 3.149 Thread 0x0000027009a31810 Thread added: 0x0000027009a31810
Event: 3.157 Thread 0x0000027009a31d20 Thread added: 0x0000027009a31d20
Event: 3.163 Thread 0x0000027009a31810 Thread exited: 0x0000027009a31810


Dynamic libraries:
0x00007ff6548c0000 - 0x00007ff6548ce000 	C:\Users\19596\.jdks\corretto-17.0.12\bin\java.exe
0x00007ffc45c70000 - 0x00007ffc45e87000 	C:\windows\SYSTEM32\ntdll.dll
0x00007ffc45280000 - 0x00007ffc45344000 	C:\windows\System32\KERNEL32.DLL
0x00007ffc42fc0000 - 0x00007ffc4336d000 	C:\windows\System32\KERNELBASE.dll
0x00007ffc43410000 - 0x00007ffc43521000 	C:\windows\System32\ucrtbase.dll
0x00007ffc2b740000 - 0x00007ffc2b757000 	C:\Users\19596\.jdks\corretto-17.0.12\bin\jli.dll
0x00007ffc2b670000 - 0x00007ffc2b68b000 	C:\Users\19596\.jdks\corretto-17.0.12\bin\VCRUNTIME140.dll
0x00007ffc45950000 - 0x00007ffc45afe000 	C:\windows\System32\USER32.dll
0x00007ffc42f90000 - 0x00007ffc42fb6000 	C:\windows\System32\win32u.dll
0x00007ffc22160000 - 0x00007ffc223f3000 	C:\windows\WinSxS\amd64_microsoft.windows.common-controls_6595b64144ccf1df_6.0.22621.3672_none_2713b9d173822955\COMCTL32.dll
0x00007ffc45920000 - 0x00007ffc45949000 	C:\windows\System32\GDI32.dll
0x00007ffc45590000 - 0x00007ffc45637000 	C:\windows\System32\msvcrt.dll
0x00007ffc436e0000 - 0x00007ffc437f9000 	C:\windows\System32\gdi32full.dll
0x00007ffc43370000 - 0x00007ffc4340a000 	C:\windows\System32\msvcp_win.dll
0x00007ffc444d0000 - 0x00007ffc44501000 	C:\windows\System32\IMM32.DLL
0x00007ffc30ac0000 - 0x00007ffc30acc000 	C:\Users\19596\.jdks\corretto-17.0.12\bin\vcruntime140_1.dll
0x00007ffc1bed0000 - 0x00007ffc1bf5d000 	C:\Users\19596\.jdks\corretto-17.0.12\bin\msvcp140.dll
0x00007ffb99f90000 - 0x00007ffb9abfa000 	C:\Users\19596\.jdks\corretto-17.0.12\bin\server\jvm.dll
0x00007ffc45800000 - 0x00007ffc458b2000 	C:\windows\System32\ADVAPI32.dll
0x00007ffc43bb0000 - 0x00007ffc43c59000 	C:\windows\System32\sechost.dll
0x00007ffc43800000 - 0x00007ffc43828000 	C:\windows\System32\bcrypt.dll
0x00007ffc44dd0000 - 0x00007ffc44ee4000 	C:\windows\System32\RPCRT4.dll
0x00007ffc45500000 - 0x00007ffc45571000 	C:\windows\System32\WS2_32.dll
0x00007ffc41e20000 - 0x00007ffc41e6d000 	C:\windows\SYSTEM32\POWRPROF.dll
0x00007ffc335f0000 - 0x00007ffc33624000 	C:\windows\SYSTEM32\WINMM.dll
0x00007ffc3bfe0000 - 0x00007ffc3bfea000 	C:\windows\SYSTEM32\VERSION.dll
0x00007ffc41e00000 - 0x00007ffc41e13000 	C:\windows\SYSTEM32\UMPDC.dll
0x00007ffc42010000 - 0x00007ffc42028000 	C:\windows\SYSTEM32\kernel.appcore.dll
0x00007ffc30850000 - 0x00007ffc3085a000 	C:\Users\19596\.jdks\corretto-17.0.12\bin\jimage.dll
0x00007ffc409b0000 - 0x00007ffc40be2000 	C:\windows\SYSTEM32\DBGHELP.DLL
0x00007ffc44ef0000 - 0x00007ffc4527d000 	C:\windows\System32\combase.dll
0x00007ffc45b00000 - 0x00007ffc45bd7000 	C:\windows\System32\OLEAUT32.dll
0x00007ffc32990000 - 0x00007ffc329c2000 	C:\windows\SYSTEM32\dbgcore.DLL
0x00007ffc43660000 - 0x00007ffc436db000 	C:\windows\System32\bcryptPrimitives.dll
0x00007ffc2b6c0000 - 0x00007ffc2b6fb000 	C:\Users\19596\.jdks\corretto-17.0.12\bin\jdwp.dll
0x00007ffc2c3e0000 - 0x00007ffc2c3ee000 	C:\Users\19596\.jdks\corretto-17.0.12\bin\instrument.dll
0x00007ffc23ae0000 - 0x00007ffc23b05000 	C:\Users\19596\.jdks\corretto-17.0.12\bin\java.dll
0x00007ffc233f0000 - 0x00007ffc23408000 	C:\Users\19596\.jdks\corretto-17.0.12\bin\zip.dll
0x00007ffbea0a0000 - 0x00007ffbea177000 	C:\Users\19596\.jdks\corretto-17.0.12\bin\jsvml.dll
0x00007ffc43c60000 - 0x00007ffc444c8000 	C:\windows\System32\SHELL32.dll
0x00007ffc40ee0000 - 0x00007ffc417de000 	C:\windows\SYSTEM32\windows.storage.dll
0x00007ffc40da0000 - 0x00007ffc40edf000 	C:\windows\SYSTEM32\wintypes.dll
0x00007ffc439a0000 - 0x00007ffc43a99000 	C:\windows\System32\SHCORE.dll
0x00007ffc43aa0000 - 0x00007ffc43afe000 	C:\windows\System32\shlwapi.dll
0x00007ffc42ec0000 - 0x00007ffc42ee1000 	C:\windows\SYSTEM32\profapi.dll
0x00007ffc2c3d0000 - 0x00007ffc2c3dc000 	C:\Users\19596\.jdks\corretto-17.0.12\bin\dt_socket.dll
0x00007ffc41ab0000 - 0x00007ffc41add000 	C:\windows\SYSTEM32\IPHLPAPI.DLL
0x00007ffc42520000 - 0x00007ffc42589000 	C:\windows\system32\mswsock.dll
0x00007ffc2b540000 - 0x00007ffc2b559000 	C:\Users\19596\.jdks\corretto-17.0.12\bin\net.dll
0x00007ffc3e4d0000 - 0x00007ffc3e606000 	C:\windows\SYSTEM32\WINHTTP.dll
0x00007ffc2a3a0000 - 0x00007ffc2a3b6000 	C:\Users\19596\.jdks\corretto-17.0.12\bin\nio.dll
0x00007ffc41b20000 - 0x00007ffc41c18000 	C:\windows\SYSTEM32\DNSAPI.dll
0x00007ffc44850000 - 0x00007ffc44859000 	C:\windows\System32\NSI.dll
0x00007ffc2b250000 - 0x00007ffc2b25a000 	C:\Windows\System32\rasadhlp.dll
0x00007ffc3c110000 - 0x00007ffc3c193000 	C:\windows\System32\fwpuclnt.dll
0x00007ffc2c460000 - 0x00007ffc2c469000 	C:\Users\19596\.jdks\corretto-17.0.12\bin\management.dll
0x00007ffc2c3f0000 - 0x00007ffc2c3fb000 	C:\Users\19596\.jdks\corretto-17.0.12\bin\management_ext.dll
0x00007ffc45580000 - 0x00007ffc45588000 	C:\windows\System32\PSAPI.DLL
0x00007ffc42780000 - 0x00007ffc4279b000 	C:\windows\SYSTEM32\CRYPTSP.dll
0x00007ffc42030000 - 0x00007ffc42065000 	C:\windows\system32\rsaenh.dll
0x00007ffc42620000 - 0x00007ffc42648000 	C:\windows\SYSTEM32\USERENV.dll
0x00007ffc427a0000 - 0x00007ffc427ac000 	C:\windows\SYSTEM32\CRYPTBASE.dll
0x00007ffc3e490000 - 0x00007ffc3e4a9000 	C:\windows\SYSTEM32\dhcpcsvc6.DLL
0x00007ffc3e2d0000 - 0x00007ffc3e2ef000 	C:\windows\SYSTEM32\dhcpcsvc.DLL
0x00007ffc1d820000 - 0x00007ffc1d837000 	C:\windows\system32\napinsp.dll
0x00007ffc1d800000 - 0x00007ffc1d81b000 	C:\windows\system32\pnrpnsp.dll
0x00007ffc1d7c0000 - 0x00007ffc1d7d1000 	C:\windows\System32\winrnr.dll
0x00007ffc3d260000 - 0x00007ffc3d275000 	C:\windows\system32\wshbth.dll
0x00007ffc1d0b0000 - 0x00007ffc1d0d7000 	C:\windows\system32\nlansp_c.dll
0x00007ffc2fc50000 - 0x00007ffc2fc59000 	C:\Users\19596\.jdks\corretto-17.0.12\bin\extnet.dll
0x00007ffc2b800000 - 0x00007ffc2b810000 	C:\Users\19596\.jdks\corretto-17.0.12\bin\verify.dll
0x00007ffc2b790000 - 0x00007ffc2b79e000 	C:\Users\19596\.jdks\corretto-17.0.12\bin\sunmscapi.dll
0x00007ffc43830000 - 0x00007ffc43997000 	C:\windows\System32\CRYPT32.dll
0x00007ffc42940000 - 0x00007ffc4296e000 	C:\windows\SYSTEM32\ncrypt.dll
0x00007ffc42900000 - 0x00007ffc42937000 	C:\windows\SYSTEM32\NTASN1.dll
0x00007ffc12220000 - 0x00007ffc12228000 	C:\windows\system32\wshunix.dll

dbghelp: loaded successfully - version: 4.0.5 - missing functions: none
symbol engine: initialized successfully - sym options: 0x614 - pdb path: .;C:\Users\19596\.jdks\corretto-17.0.12\bin;C:\windows\SYSTEM32;C:\windows\WinSxS\amd64_microsoft.windows.common-controls_6595b64144ccf1df_6.0.22621.3672_none_2713b9d173822955;C:\Users\19596\.jdks\corretto-17.0.12\bin\server

VM Arguments:
jvm_args: -agentlib:jdwp=transport=dt_socket,address=127.0.0.1:57186,suspend=y,server=n -XX:TieredStopAtLevel=1 -Dspring.output.ansi.enabled=always -Dcom.sun.management.jmxremote -Dspring.jmx.enabled=true -Dspring.liveBeansView.mbeanDomain -Dspring.application.admin.enabled=true -Dmanagement.endpoints.jmx.exposure.include=* -javaagent:C:\Users\19596\AppData\Local\JetBrains\IntelliJIdea2023.1\captureAgent\debugger-agent.jar=file:/C:/Users/19596/AppData/Local/Temp/capture.props -Dfile.encoding=UTF-8 
java_command: com.jeiko.shortlink_demo.admin.ShortLinkAdminApplication
java_class_path (initial): D:\IdeaWorkspace\shortlink_demo\admin\target\classes;C:\Users\19596\.m2\repository\org\springframework\boot\spring-boot-starter-web\3.0.7\spring-boot-starter-web-3.0.7.jar;C:\Users\19596\.m2\repository\org\springframework\boot\spring-boot-starter\3.0.7\spring-boot-starter-3.0.7.jar;C:\Users\19596\.m2\repository\org\springframework\boot\spring-boot\3.0.7\spring-boot-3.0.7.jar;C:\Users\19596\.m2\repository\org\springframework\boot\spring-boot-starter-logging\3.0.7\spring-boot-starter-logging-3.0.7.jar;C:\Users\19596\.m2\repository\org\apache\logging\log4j\log4j-to-slf4j\2.19.0\log4j-to-slf4j-2.19.0.jar;C:\Users\19596\.m2\repository\org\apache\logging\log4j\log4j-api\2.19.0\log4j-api-2.19.0.jar;C:\Users\19596\.m2\repository\jakarta\annotation\jakarta.annotation-api\2.1.1\jakarta.annotation-api-2.1.1.jar;C:\Users\19596\.m2\repository\org\yaml\snakeyaml\1.33\snakeyaml-1.33.jar;C:\Users\19596\.m2\repository\org\springframework\boot\spring-boot-starter-json\3.0.7\spring-boot-starter-json-3.0.7.jar;C:\Users\19596\.m2\repository\com\fasterxml\jackson\core\jackson-databind\2.14.3\jackson-databind-2.14.3.jar;C:\Users\19596\.m2\repository\com\fasterxml\jackson\datatype\jackson-datatype-jdk8\2.14.3\jackson-datatype-jdk8-2.14.3.jar;C:\Users\19596\.m2\repository\com\fasterxml\jackson\datatype\jackson-datatype-jsr310\2.14.3\jackson-datatype-jsr310-2.14.3.jar;C:\Users\19596\.m2\repository\com\fasterxml\jackson\module\jackson-module-parameter-names\2.14.3\jackson-module-parameter-names-2.14.3.jar;C:\Users\19596\.m2\repository\org\springframework\boot\spring-boot-starter-tomcat\3.0.7\spring-boot-starter-tomcat-3.0.7.jar;C:\Users\19596\.m2\repository\org\apache\tomcat\embed\tomcat-embed-core\10.1.8\tomcat-embed-core-10.1.8.jar;C:\Users\19596\.m2\repository\org\apache\tomcat\embed\tomcat-embed-el\10.1.8\tomcat-embed-el-10.1.8.jar;C:\Users\19596\.m2\repository\org\apache\tomcat\embed\tomcat-embed-websocket\10.1.8\tomcat-embed-websocket-10.1.8.jar;C:\Users\195
Launcher Type: SUN_STANDARD

[Global flags]
     intx CICompilerCount                          = 12                                        {product} {ergonomic}
     uint ConcGCThreads                            = 4                                         {product} {ergonomic}
     uint G1ConcRefinementThreads                  = 15                                        {product} {ergonomic}
   size_t G1HeapRegionSize                         = 2097152                                   {product} {ergonomic}
    uintx GCDrainStackTargetSize                   = 64                                        {product} {ergonomic}
   size_t InitialHeapSize                          = 266338304                                 {product} {ergonomic}
     bool ManagementServer                         = true                                      {product} {command line}
   size_t MarkStackSize                            = 4194304                                   {product} {ergonomic}
   size_t MaxHeapSize                              = 4232052736                                {product} {ergonomic}
   size_t MaxNewSize                               = 2537553920                                {product} {ergonomic}
   size_t MinHeapDeltaBytes                        = 2097152                                   {product} {ergonomic}
   size_t MinHeapSize                              = 8388608                                   {product} {ergonomic}
    uintx NonProfiledCodeHeapSize                  = 0                                      {pd product} {ergonomic}
     bool ProfileInterpreter                       = false                                  {pd product} {command line}
    uintx ProfiledCodeHeapSize                     = 0                                      {pd product} {ergonomic}
   size_t SoftMaxHeapSize                          = 4232052736                             {manageable} {ergonomic}
     intx TieredStopAtLevel                        = 1                                         {product} {command line}
     bool UseCompressedClassPointers               = true                           {product lp64_product} {ergonomic}
     bool UseCompressedOops                        = true                           {product lp64_product} {ergonomic}
     bool UseG1GC                                  = true                                      {product} {ergonomic}
     bool UseLargePagesIndividualAllocation        = false                                  {pd product} {ergonomic}

Logging:
Log output configuration:
 #0: stdout all=warning uptime,level,tags
 #1: stderr all=off uptime,level,tags

Environment Variables:
PATH=C:\windows\system32;C:\windows;C:\windows\System32\Wbem;C:\windows\System32\WindowsPowerShell\v1.0\;C:\windows\System32\OpenSSH\;C:\Program Files (x86)\NVIDIA Corporation\PhysX\Common;C:\Program Files\NVIDIA Corporation\NVIDIA NvDLISR;D:\Anaconda3;D:\Anaconda3\Scripts;D:\Anaconda3\Library\bin;D:\Program Files (x86)\NetSarang\Xshell 7\;D:\Program Files (x86)\NetSarang\Xftp 7\;C:\Program Files\MySQL\MySQL Server 5.7\bin;D:\Program Files\nodejs\;D:\Program Files (x86)\Yarn\bin\;D:\Program Files\Git\cmd;D:\Program Files\nodejs\node_global;C:\Program Files\MySQL\MySQL Shell 8.0\bin\;C:\Users\19596\AppData\Local\Microsoft\WindowsApps;D:\Program Files (x86)\Microsoft VS Code\bin;D:\VScodeWorkspace\mingw64\bin;;D:\Program Files\JetBrains\PyCharm 2023.1\bin;;D:\Program Files\JetBrains\IntelliJ IDEA 2023.1\bin;;C:\Users\19596\AppData\Roaming\Programs\Zero Install;D:\Program Files\JetBrains\WebStorm 2024.2.0.1\bin;;C:\Users\19596\AppData\Roaming\npm;C:\Users\19596\AppData\Local\Yarn\bin
USERNAME=19596
OS=Windows_NT
PROCESSOR_IDENTIFIER=Intel64 Family 6 Model 151 Stepping 2, GenuineIntel
TMP=C:\Users\19596\AppData\Local\Temp
TEMP=C:\Users\19596\AppData\Local\Temp



Periodic native trim disabled


---------------  S Y S T E M  ---------------

OS:
 Windows 11 , 64 bit Build 22621 (10.0.22621.3958)
OS uptime: 17 days 14:18 hours

CPU: total 20 (initial active 20) (10 cores per cpu, 2 threads per core) family 6 model 151 stepping 2 microcode 0x2e, cx8, cmov, fxsr, ht, mmx, 3dnowpref, sse, sse2, sse3, ssse3, sse4.1, sse4.2, popcnt, lzcnt, tsc, tscinvbit, avx, avx2, aes, erms, clmul, bmi1, bmi2, adx, sha, fma, vzeroupper, clflush, clflushopt, clwb
Processor Information for processor 0
  Max Mhz: 2100, Current Mhz: 2100, Mhz Limit: 2100
Processor Information for processor 1
  Max Mhz: 2100, Current Mhz: 2100, Mhz Limit: 2100
Processor Information for processor 2
  Max Mhz: 2100, Current Mhz: 2100, Mhz Limit: 2100
Processor Information for processor 3
  Max Mhz: 2100, Current Mhz: 2100, Mhz Limit: 2100
Processor Information for processor 4
  Max Mhz: 2100, Current Mhz: 2100, Mhz Limit: 2100
Processor Information for processor 5
  Max Mhz: 2100, Current Mhz: 2100, Mhz Limit: 2100
Processor Information for processor 6
  Max Mhz: 2100, Current Mhz: 2100, Mhz Limit: 2100
Processor Information for processor 7
  Max Mhz: 2100, Current Mhz: 2100, Mhz Limit: 2100
Processor Information for processor 8
  Max Mhz: 2100, Current Mhz: 2100, Mhz Limit: 2100
Processor Information for processor 9
  Max Mhz: 2100, Current Mhz: 2100, Mhz Limit: 2100
Processor Information for processor 10
  Max Mhz: 2100, Current Mhz: 2100, Mhz Limit: 2100
Processor Information for processor 11
  Max Mhz: 2100, Current Mhz: 2100, Mhz Limit: 2100
Processor Information for processor 12
  Max Mhz: 2100, Current Mhz: 2100, Mhz Limit: 2100
Processor Information for processor 13
  Max Mhz: 2100, Current Mhz: 2100, Mhz Limit: 2100
Processor Information for processor 14
  Max Mhz: 2100, Current Mhz: 2100, Mhz Limit: 2100
Processor Information for processor 15
  Max Mhz: 2100, Current Mhz: 2100, Mhz Limit: 2100
Processor Information for processor 16
  Max Mhz: 2100, Current Mhz: 1600, Mhz Limit: 1596
Processor Information for processor 17
  Max Mhz: 2100, Current Mhz: 1600, Mhz Limit: 1596
Processor Information for processor 18
  Max Mhz: 2100, Current Mhz: 1600, Mhz Limit: 1596
Processor Information for processor 19
  Max Mhz: 2100, Current Mhz: 1600, Mhz Limit: 1596

Memory: 4k page, system-wide physical 16139M (949M free)
TotalPageFile size 65291M (AvailPageFile size 1M)
current process WorkingSet (physical memory assigned to process): 325M, peak: 325M
current process commit charge ("private bytes"): 386M, peak: 405M

vm_info: OpenJDK 64-Bit Server VM (17.0.12+7-LTS) for windows-amd64 JRE (17.0.12+7-LTS), built on Jul 10 2024 20:46:33 by "Administrator" with MS VC++ 16.10 / 16.11 (VS2019)

END.
